============================================================
ONE CLICK BUILD started: Wed 01/28/2026 22:36:42.54
Packaging folder: C:\Users\Sidscri\Documents\GitHub\sidscri-apps\KenpoFlashcardsWebServer_Packaged\packaging\
One-click folder: C:\Users\Sidscri\Documents\GitHub\sidscri-apps\KenpoFlashcardsWebServer_Packaged\packaging\one_click\
Master log     : C:\Users\Sidscri\Documents\GitHub\sidscri-apps\KenpoFlashcardsWebServer_Packaged\packaging\logs\build_all_20260128_223642.log
============================================================
[PROGRESS] 0% - Starting...
[PROGRESS] 10% - STEP 1/3: Pre Build of Build_Data

[STEP 1] Pre Build started: Wed 01/28/2026 22:36:42.63
[STEP 1] ExitCode=0
[STEP 1] Pre Build complete: Wed 01/28/2026 22:36:43.20
[PROGRESS] 33% - Pre Build complete
[PROGRESS] 40% - STEP 2/3: Build EXE

[STEP 2] Build EXE started: Wed 01/28/2026 22:36:43.25
[STEP 2] ExitCode=0
[STEP 2] Build EXE complete: Wed 01/28/2026 22:37:50.74
[PROGRESS] 66% - Build EXE complete
[PROGRESS] 75% - STEP 3/3: Build Installer (Inno)

[STEP 3] Build Installer started: Wed 01/28/2026 22:37:50.78
[STEP 3] ExitCode=0
[STEP 3] Build Installer complete: Wed 01/28/2026 22:38:06.38
[PROGRESS] 100% - ALL DONE

ONE CLICK BUILD SUCCESS: Wed 01/28/2026 22:38:06.41
