============================================================
ONE CLICK BUILD started: Wed 01/28/2026 11:29:45.60
Packaging folder: C:\Users\Sidscri\Documents\GitHub\sidscri-apps\KenpoFlashcardsWebServer_Packaged\packaging\
One-click folder: C:\Users\Sidscri\Documents\GitHub\sidscri-apps\KenpoFlashcardsWebServer_Packaged\packaging\one_click\
Master log     : C:\Users\Sidscri\Documents\GitHub\sidscri-apps\KenpoFlashcardsWebServer_Packaged\packaging\logs\build_all_20260128_112945.log
============================================================
[PROGRESS] 0% - Starting...
[PROGRESS] 10% - STEP 1/3: Pre Build of Build_Data
ECHO is off.
[STEP 1] Pre Build started: Wed 01/28/2026 11:29:45.68
[STEP 1] ExitCode=0
[STEP 1] Pre Build complete: Wed 01/28/2026 11:29:46.28
[PROGRESS] 33% - Pre Build complete
[PROGRESS] 40% - STEP 2/3: Build EXE
ECHO is off.
[STEP 2] Build EXE started: Wed 01/28/2026 11:29:46.33
[STEP 2] ExitCode=0
[STEP 2] Build EXE complete: Wed 01/28/2026 11:32:12.42
[PROGRESS] 66% - Build EXE complete
[PROGRESS] 75% - STEP 3/3: Build Installer (Inno)
ECHO is off.
[STEP 3] Build Installer started: Wed 01/28/2026 11:32:12.47
[STEP 3] ExitCode=0
[STEP 3] Build Installer complete: Wed 01/28/2026 11:32:30.25
[PROGRESS] 100% - ALL DONE
ECHO is off.
ONE CLICK BUILD SUCCESS: Wed 01/28/2026 11:32:30.29
