[Wed 01/28/2026 10:09:16.35] PC=SIDSCRI-GRAB USER=Sidscri VERSION=4.0.0 MODE=install
[Wed 01/28/2026 10:09:16.35] DATA_DIR=C:\Users\Sidscri\Documents\GitHub\sidscri-apps\KenpoFlashcardsWebServer_Packaged\packaging\..\data
pip 25.0.1 from C:\Users\Sidscri\Documents\GitHub\sidscri-apps\KenpoFlashcardsWebServer_Packaged\.venv\lib\site-packages\pip (python 3.8)
Requirement already satisfied: pip in c:\users\sidscri\documents\github\sidscri-apps\kenpoflashcardswebserver_packaged\.venv\lib\site-packages (25.0.1)
Requirement already satisfied: setuptools in c:\users\sidscri\documents\github\sidscri-apps\kenpoflashcardswebserver_packaged\.venv\lib\site-packages (75.3.3)
Requirement already satisfied: wheel in c:\users\sidscri\documents\github\sidscri-apps\kenpoflashcardswebserver_packaged\.venv\lib\site-packages (0.45.1)
Requirement already satisfied: pyinstaller==6.6.0 in c:\users\sidscri\documents\github\sidscri-apps\kenpoflashcardswebserver_packaged\.venv\lib\site-packages (from -r C:\Users\Sidscri\Documents\GitHub\sidscri-apps\KenpoFlashcardsWebServer_Packaged\packaging\requirements_packaging.txt (line 1)) (6.6.0)
Requirement already satisfied: pystray==0.19.5 in c:\users\sidscri\documents\github\sidscri-apps\kenpoflashcardswebserver_packaged\.venv\lib\site-packages (from -r C:\Users\Sidscri\Documents\GitHub\sidscri-apps\KenpoFlashcardsWebServer_Packaged\packaging\requirements_packaging.txt (line 2)) (0.19.5)
Requirement already satisfied: pillow==10.4.0 in c:\users\sidscri\documents\github\sidscri-apps\kenpoflashcardswebserver_packaged\.venv\lib\site-packages (from -r C:\Users\Sidscri\Documents\GitHub\sidscri-apps\KenpoFlashcardsWebServer_Packaged\packaging\requirements_packaging.txt (line 3)) (10.4.0)
Requirement already satisfied: requests>=2.31.0 in c:\users\sidscri\documents\github\sidscri-apps\kenpoflashcardswebserver_packaged\.venv\lib\site-packages (from -r C:\Users\Sidscri\Documents\GitHub\sidscri-apps\KenpoFlashcardsWebServer_Packaged\packaging\requirements_packaging.txt (line 6)) (2.32.4)
Requirement already satisfied: flask<3.0,>=2.2.2 in c:\users\sidscri\documents\github\sidscri-apps\kenpoflashcardswebserver_packaged\.venv\lib\site-packages (from -r C:\Users\Sidscri\Documents\GitHub\sidscri-apps\KenpoFlashcardsWebServer_Packaged\packaging\requirements_packaging.txt (line 7)) (2.3.3)
Requirement already satisfied: Werkzeug<3.0,>=2.2.2 in c:\users\sidscri\documents\github\sidscri-apps\kenpoflashcardswebserver_packaged\.venv\lib\site-packages (from -r C:\Users\Sidscri\Documents\GitHub\sidscri-apps\KenpoFlashcardsWebServer_Packaged\packaging\requirements_packaging.txt (line 8)) (2.3.8)
Requirement already satisfied: reportlab>=4.0.0 in c:\users\sidscri\documents\github\sidscri-apps\kenpoflashcardswebserver_packaged\.venv\lib\site-packages (from -r C:\Users\Sidscri\Documents\GitHub\sidscri-apps\KenpoFlashcardsWebServer_Packaged\packaging\requirements_packaging.txt (line 9)) (4.4.3)
Requirement already satisfied: platformdirs>=4.0.0 in c:\users\sidscri\documents\github\sidscri-apps\kenpoflashcardswebserver_packaged\.venv\lib\site-packages (from -r C:\Users\Sidscri\Documents\GitHub\sidscri-apps\KenpoFlashcardsWebServer_Packaged\packaging\requirements_packaging.txt (line 10)) (4.3.6)
Requirement already satisfied: jaraco.functools>=4.0.0 in c:\users\sidscri\documents\github\sidscri-apps\kenpoflashcardswebserver_packaged\.venv\lib\site-packages (from -r C:\Users\Sidscri\Documents\GitHub\sidscri-apps\KenpoFlashcardsWebServer_Packaged\packaging\requirements_packaging.txt (line 13)) (4.1.0)
Requirement already satisfied: jaraco.context>=5.0.0 in c:\users\sidscri\documents\github\sidscri-apps\kenpoflashcardswebserver_packaged\.venv\lib\site-packages (from -r C:\Users\Sidscri\Documents\GitHub\sidscri-apps\KenpoFlashcardsWebServer_Packaged\packaging\requirements_packaging.txt (line 14)) (6.0.1)
Requirement already satisfied: jaraco.classes>=3.0.0 in c:\users\sidscri\documents\github\sidscri-apps\kenpoflashcardswebserver_packaged\.venv\lib\site-packages (from -r C:\Users\Sidscri\Documents\GitHub\sidscri-apps\KenpoFlashcardsWebServer_Packaged\packaging\requirements_packaging.txt (line 15)) (3.4.0)
Requirement already satisfied: jaraco.text>=3.0.0 in c:\users\sidscri\documents\github\sidscri-apps\kenpoflashcardswebserver_packaged\.venv\lib\site-packages (from -r C:\Users\Sidscri\Documents\GitHub\sidscri-apps\KenpoFlashcardsWebServer_Packaged\packaging\requirements_packaging.txt (line 16)) (4.0.0)
Requirement already satisfied: setuptools>=75.0 in c:\users\sidscri\documents\github\sidscri-apps\kenpoflashcardswebserver_packaged\.venv\lib\site-packages (from -r C:\Users\Sidscri\Documents\GitHub\sidscri-apps\KenpoFlashcardsWebServer_Packaged\packaging\requirements_packaging.txt (line 19)) (75.3.3)
Requirement already satisfied: wheel>=0.41 in c:\users\sidscri\documents\github\sidscri-apps\kenpoflashcardswebserver_packaged\.venv\lib\site-packages (from -r C:\Users\Sidscri\Documents\GitHub\sidscri-apps\KenpoFlashcardsWebServer_Packaged\packaging\requirements_packaging.txt (line 20)) (0.45.1)
Requirement already satisfied: altgraph in c:\users\sidscri\documents\github\sidscri-apps\kenpoflashcardswebserver_packaged\.venv\lib\site-packages (from pyinstaller==6.6.0->-r C:\Users\Sidscri\Documents\GitHub\sidscri-apps\KenpoFlashcardsWebServer_Packaged\packaging\requirements_packaging.txt (line 1)) (0.17.5)
Requirement already satisfied: pyinstaller-hooks-contrib>=2024.3 in c:\users\sidscri\documents\github\sidscri-apps\kenpoflashcardswebserver_packaged\.venv\lib\site-packages (from pyinstaller==6.6.0->-r C:\Users\Sidscri\Documents\GitHub\sidscri-apps\KenpoFlashcardsWebServer_Packaged\packaging\requirements_packaging.txt (line 1)) (2026.0)
Requirement already satisfied: packaging>=22.0 in c:\users\sidscri\documents\github\sidscri-apps\kenpoflashcardswebserver_packaged\.venv\lib\site-packages (from pyinstaller==6.6.0->-r C:\Users\Sidscri\Documents\GitHub\sidscri-apps\KenpoFlashcardsWebServer_Packaged\packaging\requirements_packaging.txt (line 1)) (26.0)
Requirement already satisfied: importlib-metadata>=4.6 in c:\users\sidscri\documents\github\sidscri-apps\kenpoflashcardswebserver_packaged\.venv\lib\site-packages (from pyinstaller==6.6.0->-r C:\Users\Sidscri\Documents\GitHub\sidscri-apps\KenpoFlashcardsWebServer_Packaged\packaging\requirements_packaging.txt (line 1)) (8.5.0)
Requirement already satisfied: pefile>=2022.5.30 in c:\users\sidscri\documents\github\sidscri-apps\kenpoflashcardswebserver_packaged\.venv\lib\site-packages (from pyinstaller==6.6.0->-r C:\Users\Sidscri\Documents\GitHub\sidscri-apps\KenpoFlashcardsWebServer_Packaged\packaging\requirements_packaging.txt (line 1)) (2024.8.26)
Requirement already satisfied: pywin32-ctypes>=0.2.1 in c:\users\sidscri\documents\github\sidscri-apps\kenpoflashcardswebserver_packaged\.venv\lib\site-packages (from pyinstaller==6.6.0->-r C:\Users\Sidscri\Documents\GitHub\sidscri-apps\KenpoFlashcardsWebServer_Packaged\packaging\requirements_packaging.txt (line 1)) (0.2.3)
Requirement already satisfied: six in c:\users\sidscri\documents\github\sidscri-apps\kenpoflashcardswebserver_packaged\.venv\lib\site-packages (from pystray==0.19.5->-r C:\Users\Sidscri\Documents\GitHub\sidscri-apps\KenpoFlashcardsWebServer_Packaged\packaging\requirements_packaging.txt (line 2)) (1.17.0)
Requirement already satisfied: charset_normalizer<4,>=2 in c:\users\sidscri\documents\github\sidscri-apps\kenpoflashcardswebserver_packaged\.venv\lib\site-packages (from requests>=2.31.0->-r C:\Users\Sidscri\Documents\GitHub\sidscri-apps\KenpoFlashcardsWebServer_Packaged\packaging\requirements_packaging.txt (line 6)) (3.4.4)
Requirement already satisfied: idna<4,>=2.5 in c:\users\sidscri\documents\github\sidscri-apps\kenpoflashcardswebserver_packaged\.venv\lib\site-packages (from requests>=2.31.0->-r C:\Users\Sidscri\Documents\GitHub\sidscri-apps\KenpoFlashcardsWebServer_Packaged\packaging\requirements_packaging.txt (line 6)) (3.11)
Requirement already satisfied: urllib3<3,>=1.21.1 in c:\users\sidscri\documents\github\sidscri-apps\kenpoflashcardswebserver_packaged\.venv\lib\site-packages (from requests>=2.31.0->-r C:\Users\Sidscri\Documents\GitHub\sidscri-apps\KenpoFlashcardsWebServer_Packaged\packaging\requirements_packaging.txt (line 6)) (2.2.3)
Requirement already satisfied: certifi>=2017.4.17 in c:\users\sidscri\documents\github\sidscri-apps\kenpoflashcardswebserver_packaged\.venv\lib\site-packages (from requests>=2.31.0->-r C:\Users\Sidscri\Documents\GitHub\sidscri-apps\KenpoFlashcardsWebServer_Packaged\packaging\requirements_packaging.txt (line 6)) (2026.1.4)
Requirement already satisfied: Jinja2>=3.1.2 in c:\users\sidscri\documents\github\sidscri-apps\kenpoflashcardswebserver_packaged\.venv\lib\site-packages (from flask<3.0,>=2.2.2->-r C:\Users\Sidscri\Documents\GitHub\sidscri-apps\KenpoFlashcardsWebServer_Packaged\packaging\requirements_packaging.txt (line 7)) (3.1.6)
Requirement already satisfied: itsdangerous>=2.1.2 in c:\users\sidscri\documents\github\sidscri-apps\kenpoflashcardswebserver_packaged\.venv\lib\site-packages (from flask<3.0,>=2.2.2->-r C:\Users\Sidscri\Documents\GitHub\sidscri-apps\KenpoFlashcardsWebServer_Packaged\packaging\requirements_packaging.txt (line 7)) (2.2.0)
Requirement already satisfied: click>=8.1.3 in c:\users\sidscri\documents\github\sidscri-apps\kenpoflashcardswebserver_packaged\.venv\lib\site-packages (from flask<3.0,>=2.2.2->-r C:\Users\Sidscri\Documents\GitHub\sidscri-apps\KenpoFlashcardsWebServer_Packaged\packaging\requirements_packaging.txt (line 7)) (8.1.8)
Requirement already satisfied: blinker>=1.6.2 in c:\users\sidscri\documents\github\sidscri-apps\kenpoflashcardswebserver_packaged\.venv\lib\site-packages (from flask<3.0,>=2.2.2->-r C:\Users\Sidscri\Documents\GitHub\sidscri-apps\KenpoFlashcardsWebServer_Packaged\packaging\requirements_packaging.txt (line 7)) (1.8.2)
Requirement already satisfied: MarkupSafe>=2.1.1 in c:\users\sidscri\documents\github\sidscri-apps\kenpoflashcardswebserver_packaged\.venv\lib\site-packages (from Werkzeug<3.0,>=2.2.2->-r C:\Users\Sidscri\Documents\GitHub\sidscri-apps\KenpoFlashcardsWebServer_Packaged\packaging\requirements_packaging.txt (line 8)) (2.1.5)
Requirement already satisfied: more-itertools in c:\users\sidscri\documents\github\sidscri-apps\kenpoflashcardswebserver_packaged\.venv\lib\site-packages (from jaraco.functools>=4.0.0->-r C:\Users\Sidscri\Documents\GitHub\sidscri-apps\KenpoFlashcardsWebServer_Packaged\packaging\requirements_packaging.txt (line 13)) (10.5.0)
Requirement already satisfied: backports.tarfile in c:\users\sidscri\documents\github\sidscri-apps\kenpoflashcardswebserver_packaged\.venv\lib\site-packages (from jaraco.context>=5.0.0->-r C:\Users\Sidscri\Documents\GitHub\sidscri-apps\KenpoFlashcardsWebServer_Packaged\packaging\requirements_packaging.txt (line 14)) (1.2.0)
Requirement already satisfied: autocommand in c:\users\sidscri\documents\github\sidscri-apps\kenpoflashcardswebserver_packaged\.venv\lib\site-packages (from jaraco.text>=3.0.0->-r C:\Users\Sidscri\Documents\GitHub\sidscri-apps\KenpoFlashcardsWebServer_Packaged\packaging\requirements_packaging.txt (line 16)) (2.2.2)
Requirement already satisfied: importlib-resources in c:\users\sidscri\documents\github\sidscri-apps\kenpoflashcardswebserver_packaged\.venv\lib\site-packages (from jaraco.text>=3.0.0->-r C:\Users\Sidscri\Documents\GitHub\sidscri-apps\KenpoFlashcardsWebServer_Packaged\packaging\requirements_packaging.txt (line 16)) (6.4.5)
Requirement already satisfied: colorama in c:\users\sidscri\documents\github\sidscri-apps\kenpoflashcardswebserver_packaged\.venv\lib\site-packages (from click>=8.1.3->flask<3.0,>=2.2.2->-r C:\Users\Sidscri\Documents\GitHub\sidscri-apps\KenpoFlashcardsWebServer_Packaged\packaging\requirements_packaging.txt (line 7)) (0.4.6)
Requirement already satisfied: zipp>=3.20 in c:\users\sidscri\documents\github\sidscri-apps\kenpoflashcardswebserver_packaged\.venv\lib\site-packages (from importlib-metadata>=4.6->pyinstaller==6.6.0->-r C:\Users\Sidscri\Documents\GitHub\sidscri-apps\KenpoFlashcardsWebServer_Packaged\packaging\requirements_packaging.txt (line 1)) (3.20.2)
343 INFO: PyInstaller: 6.6.0, contrib hooks: 2026.0
343 INFO: Python: 3.8.1
343 INFO: Platform: Windows-10-10.0.19041-SP0
358 INFO: Removing temporary files and cleaning cache in C:\Users\Sidscri\AppData\Local\pyinstaller
4478 INFO: Extending PYTHONPATH with paths
['C:\\Users\\Sidscri\\Documents\\GitHub\\sidscri-apps\\KenpoFlashcardsWebServer_Packaged',
 'C:\\Users\\Sidscri\\Documents\\GitHub\\sidscri-apps\\KenpoFlashcardsWebServer_Packaged']
4789 INFO: Appending 'datas' from .spec
4801 INFO: checking Analysis
4801 INFO: Building Analysis because Analysis-00.toc is non existent
4801 INFO: Running Analysis Analysis-00.toc
4801 INFO: Target bytecode optimization level: 0
4801 INFO: Initializing module dependency graph...
4803 INFO: Caching module graph hooks...
4857 INFO: Analyzing base_library.zip ...
5786 INFO: Loading module hook 'hook-heapq.py' from 'C:\\Users\\Sidscri\\Documents\\GitHub\\sidscri-apps\\KenpoFlashcardsWebServer_Packaged\\.venv\\lib\\site-packages\\PyInstaller\\hooks'...
6248 INFO: Loading module hook 'hook-encodings.py' from 'C:\\Users\\Sidscri\\Documents\\GitHub\\sidscri-apps\\KenpoFlashcardsWebServer_Packaged\\.venv\\lib\\site-packages\\PyInstaller\\hooks'...
8503 INFO: Loading module hook 'hook-pickle.py' from 'C:\\Users\\Sidscri\\Documents\\GitHub\\sidscri-apps\\KenpoFlashcardsWebServer_Packaged\\.venv\\lib\\site-packages\\PyInstaller\\hooks'...
12189 INFO: Caching module dependency graph...
12411 INFO: Looking for Python shared library...
12542 INFO: Using Python shared library: C:\Users\Sidscri\AppData\Local\Programs\Python\Python38\python38.dll
12542 INFO: Analyzing C:\Users\Sidscri\Documents\GitHub\sidscri-apps\KenpoFlashcardsWebServer_Packaged\AdvancedFlashcardsWebAppServerLauncher.py
13512 INFO: Loading module hook 'hook-platform.py' from 'C:\\Users\\Sidscri\\Documents\\GitHub\\sidscri-apps\\KenpoFlashcardsWebServer_Packaged\\.venv\\lib\\site-packages\\PyInstaller\\hooks'...
13731 INFO: Loading module hook 'hook-urllib3.py' from 'C:\\Users\\Sidscri\\Documents\\GitHub\\sidscri-apps\\KenpoFlashcardsWebServer_Packaged\\.venv\\lib\\site-packages\\_pyinstaller_hooks_contrib\\stdhooks'...
15543 INFO: Loading module hook 'hook-charset_normalizer.py' from 'C:\\Users\\Sidscri\\Documents\\GitHub\\sidscri-apps\\KenpoFlashcardsWebServer_Packaged\\.venv\\lib\\site-packages\\_pyinstaller_hooks_contrib\\stdhooks'...
15934 INFO: Loading module hook 'hook-certifi.py' from 'C:\\Users\\Sidscri\\Documents\\GitHub\\sidscri-apps\\KenpoFlashcardsWebServer_Packaged\\.venv\\lib\\site-packages\\_pyinstaller_hooks_contrib\\stdhooks'...
18170 INFO: Loading module hook 'hook-sysconfig.py' from 'C:\\Users\\Sidscri\\Documents\\GitHub\\sidscri-apps\\KenpoFlashcardsWebServer_Packaged\\.venv\\lib\\site-packages\\PyInstaller\\hooks'...
18715 INFO: Loading module hook 'hook-difflib.py' from 'C:\\Users\\Sidscri\\Documents\\GitHub\\sidscri-apps\\KenpoFlashcardsWebServer_Packaged\\.venv\\lib\\site-packages\\PyInstaller\\hooks'...
19036 INFO: Loading module hook 'hook-importlib_metadata.py' from 'C:\\Users\\Sidscri\\Documents\\GitHub\\sidscri-apps\\KenpoFlashcardsWebServer_Packaged\\.venv\\lib\\site-packages\\PyInstaller\\hooks'...
19904 INFO: Loading module hook 'hook-jinja2.py' from 'C:\\Users\\Sidscri\\Documents\\GitHub\\sidscri-apps\\KenpoFlashcardsWebServer_Packaged\\.venv\\lib\\site-packages\\_pyinstaller_hooks_contrib\\stdhooks'...
21314 INFO: Loading module hook 'hook-multiprocessing.util.py' from 'C:\\Users\\Sidscri\\Documents\\GitHub\\sidscri-apps\\KenpoFlashcardsWebServer_Packaged\\.venv\\lib\\site-packages\\PyInstaller\\hooks'...
21681 INFO: Loading module hook 'hook-xml.py' from 'C:\\Users\\Sidscri\\Documents\\GitHub\\sidscri-apps\\KenpoFlashcardsWebServer_Packaged\\.venv\\lib\\site-packages\\PyInstaller\\hooks'...
23951 INFO: Loading module hook 'hook-reportlab.lib.utils.py' from 'C:\\Users\\Sidscri\\Documents\\GitHub\\sidscri-apps\\KenpoFlashcardsWebServer_Packaged\\.venv\\lib\\site-packages\\_pyinstaller_hooks_contrib\\stdhooks'...
24040 INFO: Loading module hook 'hook-PIL.py' from 'C:\\Users\\Sidscri\\Documents\\GitHub\\sidscri-apps\\KenpoFlashcardsWebServer_Packaged\\.venv\\lib\\site-packages\\PyInstaller\\hooks'...
24214 INFO: Loading module hook 'hook-PIL.Image.py' from 'C:\\Users\\Sidscri\\Documents\\GitHub\\sidscri-apps\\KenpoFlashcardsWebServer_Packaged\\.venv\\lib\\site-packages\\PyInstaller\\hooks'...
25399 INFO: Loading module hook 'hook-packaging.py' from 'C:\\Users\\Sidscri\\Documents\\GitHub\\sidscri-apps\\KenpoFlashcardsWebServer_Packaged\\.venv\\lib\\site-packages\\PyInstaller\\hooks'...
25490 INFO: Loading module hook 'hook-PIL.ImageFilter.py' from 'C:\\Users\\Sidscri\\Documents\\GitHub\\sidscri-apps\\KenpoFlashcardsWebServer_Packaged\\.venv\\lib\\site-packages\\PyInstaller\\hooks'...
25608 INFO: Loading module hook 'hook-reportlab.pdfbase._fontdata.py' from 'C:\\Users\\Sidscri\\Documents\\GitHub\\sidscri-apps\\KenpoFlashcardsWebServer_Packaged\\.venv\\lib\\site-packages\\_pyinstaller_hooks_contrib\\stdhooks'...
29802 INFO: Loading module hook 'hook-xml.dom.domreg.py' from 'C:\\Users\\Sidscri\\Documents\\GitHub\\sidscri-apps\\KenpoFlashcardsWebServer_Packaged\\.venv\\lib\\site-packages\\PyInstaller\\hooks'...
30113 INFO: Loading module hook 'hook-pystray.py' from 'C:\\Users\\Sidscri\\Documents\\GitHub\\sidscri-apps\\KenpoFlashcardsWebServer_Packaged\\.venv\\lib\\site-packages\\_pyinstaller_hooks_contrib\\stdhooks'...
30551 INFO: Processing pre-safe import module hook six.moves from 'C:\\Users\\Sidscri\\Documents\\GitHub\\sidscri-apps\\KenpoFlashcardsWebServer_Packaged\\.venv\\lib\\site-packages\\PyInstaller\\hooks\\pre_safe_import_module\\hook-six.moves.py'.
30659 INFO: Processing pre-safe import module hook gi from 'C:\\Users\\Sidscri\\Documents\\GitHub\\sidscri-apps\\KenpoFlashcardsWebServer_Packaged\\.venv\\lib\\site-packages\\PyInstaller\\hooks\\pre_safe_import_module\\hook-gi.py'.
30838 INFO: Analyzing hidden import 'pystray._info'
30849 INFO: Analyzing hidden import 'jaraco'
30850 INFO: Analyzing hidden import 'jaraco.classes'
30851 INFO: Analyzing hidden import 'jaraco.classes.ancestry'
31007 INFO: Analyzing hidden import 'jaraco.classes.meta'
31022 INFO: Analyzing hidden import 'jaraco.classes.properties'
31046 INFO: Analyzing hidden import 'jaraco.context'
31172 INFO: Loading module hook 'hook-backports.py' from 'C:\\Users\\Sidscri\\Documents\\GitHub\\sidscri-apps\\KenpoFlashcardsWebServer_Packaged\\.venv\\lib\\site-packages\\_pyinstaller_hooks_contrib\\stdhooks'...
31191 INFO: Analyzing hidden import 'jaraco.functools'
31217 INFO: Analyzing hidden import 'jaraco.text'
31241 INFO: Loading module hook 'hook-jaraco.text.py' from 'C:\\Users\\Sidscri\\Documents\\GitHub\\sidscri-apps\\KenpoFlashcardsWebServer_Packaged\\.venv\\lib\\site-packages\\_pyinstaller_hooks_contrib\\stdhooks'...
31477 INFO: Loading module hook 'hook-importlib_resources.py' from 'C:\\Users\\Sidscri\\Documents\\GitHub\\sidscri-apps\\KenpoFlashcardsWebServer_Packaged\\.venv\\lib\\site-packages\\PyInstaller\\hooks'...
31665 INFO: Analyzing hidden import 'jaraco.text.layouts'
31687 INFO: Analyzing hidden import 'jaraco.text.show-newlines'
31817 INFO: Analyzing hidden import 'jaraco.text.strip-prefix'
31830 INFO: Analyzing hidden import 'jaraco.text.to-dvorak'
31844 INFO: Analyzing hidden import 'jaraco.text.to-qwerty'
31856 INFO: Analyzing hidden import 'pkg_resources'
31972 INFO: Loading module hook 'hook-pkg_resources.py' from 'C:\\Users\\Sidscri\\Documents\\GitHub\\sidscri-apps\\KenpoFlashcardsWebServer_Packaged\\.venv\\lib\\site-packages\\PyInstaller\\hooks'...
33444 INFO: Loading module hook 'hook-platformdirs.py' from 'C:\\Users\\Sidscri\\Documents\\GitHub\\sidscri-apps\\KenpoFlashcardsWebServer_Packaged\\.venv\\lib\\site-packages\\_pyinstaller_hooks_contrib\\stdhooks'...
33566 INFO: Analyzing hidden import 'pkg_resources.tests'
33567 INFO: Analyzing hidden import 'pkg_resources.tests.test_find_distributions'
33583 INFO: Analyzing hidden import 'pkg_resources.tests.test_integration_zope_interface'
33601 INFO: Analyzing hidden import 'pkg_resources.tests.test_markers'
33720 INFO: Analyzing hidden import 'pkg_resources.tests.test_pkg_resources'
33746 INFO: Processing pre-safe import module hook distutils from 'C:\\Users\\Sidscri\\Documents\\GitHub\\sidscri-apps\\KenpoFlashcardsWebServer_Packaged\\.venv\\lib\\site-packages\\PyInstaller\\hooks\\pre_safe_import_module\\hook-distutils.py'.
33748 INFO: Processing pre-find module path hook distutils from 'C:\\Users\\Sidscri\\Documents\\GitHub\\sidscri-apps\\KenpoFlashcardsWebServer_Packaged\\.venv\\lib\\site-packages\\PyInstaller\\hooks\\pre_find_module_path\\hook-distutils.py'.
34171 INFO: Loading module hook 'hook-distutils.py' from 'C:\\Users\\Sidscri\\Documents\\GitHub\\sidscri-apps\\KenpoFlashcardsWebServer_Packaged\\.venv\\lib\\site-packages\\PyInstaller\\hooks'...
34279 INFO: Loading module hook 'hook-distutils.util.py' from 'C:\\Users\\Sidscri\\Documents\\GitHub\\sidscri-apps\\KenpoFlashcardsWebServer_Packaged\\.venv\\lib\\site-packages\\PyInstaller\\hooks'...
34683 INFO: Analyzing hidden import 'pkg_resources.tests.test_resources'
34729 INFO: Analyzing hidden import 'pkg_resources.tests.test_working_set'
34747 INFO: Analyzing hidden import 'importlib_resources.simple'
34762 INFO: Analyzing hidden import 'importlib_resources.tests'
34763 INFO: Analyzing hidden import 'importlib_resources.tests._path'
34780 INFO: Analyzing hidden import 'importlib_resources.tests.compat'
34781 INFO: Analyzing hidden import 'importlib_resources.tests.compat.py312'
34809 INFO: Analyzing hidden import 'importlib_resources.tests.test_compatibilty_files'
34865 INFO: Analyzing hidden import 'importlib_resources.tests.test_contents'
34882 INFO: Analyzing hidden import 'importlib_resources.tests.test_custom'
34897 INFO: Analyzing hidden import 'importlib_resources.tests.test_files'
34917 INFO: Analyzing hidden import 'importlib_resources.tests.test_functional'
34942 INFO: Analyzing hidden import 'importlib_resources.tests.test_open'
34967 INFO: Analyzing hidden import 'importlib_resources.tests.test_path'
34983 INFO: Analyzing hidden import 'importlib_resources.tests.test_read'
35008 INFO: Analyzing hidden import 'importlib_resources.tests.test_reader'
35027 INFO: Analyzing hidden import 'importlib_resources.tests.test_resource'
35049 INFO: Analyzing hidden import 'setuptools'
35073 INFO: Loading module hook 'hook-setuptools.py' from 'C:\\Users\\Sidscri\\Documents\\GitHub\\sidscri-apps\\KenpoFlashcardsWebServer_Packaged\\.venv\\lib\\site-packages\\PyInstaller\\hooks'...
41105 INFO: Processing module hooks...
41143 WARNING: Hidden import "importlib_resources.trees" not found!
41867 INFO: Loading module hook 'hook-PIL.SpiderImagePlugin.py' from 'C:\\Users\\Sidscri\\Documents\\GitHub\\sidscri-apps\\KenpoFlashcardsWebServer_Packaged\\.venv\\lib\\site-packages\\PyInstaller\\hooks'...
42165 WARNING: Hidden import "pkg_resources._vendor.jaraco.functools" not found!
42165 WARNING: Hidden import "pkg_resources._vendor.jaraco.context" not found!
42166 WARNING: Hidden import "pkg_resources._vendor.jaraco.text" not found!
42325 INFO: Loading module hook 'hook-setuptools.msvc.py' from 'C:\\Users\\Sidscri\\Documents\\GitHub\\sidscri-apps\\KenpoFlashcardsWebServer_Packaged\\.venv\\lib\\site-packages\\PyInstaller\\hooks'...
43230 INFO: Loading module hook 'hook-xml.etree.cElementTree.py' from 'C:\\Users\\Sidscri\\Documents\\GitHub\\sidscri-apps\\KenpoFlashcardsWebServer_Packaged\\.venv\\lib\\site-packages\\PyInstaller\\hooks'...
43367 INFO: Loading module hook 'hook-_tkinter.py' from 'C:\\Users\\Sidscri\\Documents\\GitHub\\sidscri-apps\\KenpoFlashcardsWebServer_Packaged\\.venv\\lib\\site-packages\\PyInstaller\\hooks'...
45528 INFO: Loading module hook 'hook-setuptools._distutils.command.check.py' from 'C:\\Users\\Sidscri\\Documents\\GitHub\\sidscri-apps\\KenpoFlashcardsWebServer_Packaged\\.venv\\lib\\site-packages\\PyInstaller\\hooks'...
46273 INFO: Loading module hook 'hook-distutils.command.check.py' from 'C:\\Users\\Sidscri\\Documents\\GitHub\\sidscri-apps\\KenpoFlashcardsWebServer_Packaged\\.venv\\lib\\site-packages\\PyInstaller\\hooks'...
47220 INFO: Loading module hook 'hook-_tkinter.py' from 'C:\\Users\\Sidscri\\Documents\\GitHub\\sidscri-apps\\KenpoFlashcardsWebServer_Packaged\\.venv\\lib\\site-packages\\PyInstaller\\hooks'...
47222 INFO: checking Tree
47222 INFO: Building Tree because Tree-00.toc is non existent
47222 INFO: Building Tree Tree-00.toc
47320 INFO: checking Tree
47320 INFO: Building Tree because Tree-01.toc is non existent
47320 INFO: Building Tree Tree-01.toc
47332 INFO: checking Tree
47332 INFO: Building Tree because Tree-02.toc is non existent
47332 INFO: Building Tree Tree-02.toc
47364 INFO: Performing binary vs. data reclassification (983 entries)
81803 INFO: Looking for ctypes DLLs
81875 INFO: Analyzing run-time hooks ...
81888 INFO: Including run-time hook 'C:\\Users\\Sidscri\\Documents\\GitHub\\sidscri-apps\\KenpoFlashcardsWebServer_Packaged\\.venv\\lib\\site-packages\\PyInstaller\\hooks\\rthooks\\pyi_rth_setuptools.py'
81904 INFO: Including run-time hook 'C:\\Users\\Sidscri\\Documents\\GitHub\\sidscri-apps\\KenpoFlashcardsWebServer_Packaged\\.venv\\lib\\site-packages\\PyInstaller\\hooks\\rthooks\\pyi_rth_inspect.py'
81919 INFO: Including run-time hook 'C:\\Users\\Sidscri\\Documents\\GitHub\\sidscri-apps\\KenpoFlashcardsWebServer_Packaged\\.venv\\lib\\site-packages\\PyInstaller\\hooks\\rthooks\\pyi_rth_pkgutil.py'
81937 INFO: Processing pre-find module path hook _pyi_rth_utils from 'C:\\Users\\Sidscri\\Documents\\GitHub\\sidscri-apps\\KenpoFlashcardsWebServer_Packaged\\.venv\\lib\\site-packages\\PyInstaller\\hooks\\pre_find_module_path\\hook-_pyi_rth_utils.py'.
81951 INFO: Loading module hook 'hook-_pyi_rth_utils.py' from 'C:\\Users\\Sidscri\\Documents\\GitHub\\sidscri-apps\\KenpoFlashcardsWebServer_Packaged\\.venv\\lib\\site-packages\\PyInstaller\\hooks'...
81952 INFO: Including run-time hook 'C:\\Users\\Sidscri\\Documents\\GitHub\\sidscri-apps\\KenpoFlashcardsWebServer_Packaged\\.venv\\lib\\site-packages\\PyInstaller\\hooks\\rthooks\\pyi_rth_multiprocessing.py'
81968 INFO: Including run-time hook 'C:\\Users\\Sidscri\\Documents\\GitHub\\sidscri-apps\\KenpoFlashcardsWebServer_Packaged\\.venv\\lib\\site-packages\\PyInstaller\\hooks\\rthooks\\pyi_rth__tkinter.py'
81982 INFO: Including run-time hook 'C:\\Users\\Sidscri\\Documents\\GitHub\\sidscri-apps\\KenpoFlashcardsWebServer_Packaged\\.venv\\lib\\site-packages\\PyInstaller\\hooks\\rthooks\\pyi_rth_pkgres.py'
82079 INFO: Looking for dynamic libraries
86519 INFO: Extra DLL search directories (AddDllDirectory): []
86519 INFO: Extra DLL search directories (PATH): []
97221 INFO: Warnings written to C:\Users\Sidscri\Documents\GitHub\sidscri-apps\KenpoFlashcardsWebServer_Packaged\build\kenpo_tray\warn-kenpo_tray.txt
97446 INFO: Graph cross-reference written to C:\Users\Sidscri\Documents\GitHub\sidscri-apps\KenpoFlashcardsWebServer_Packaged\build\kenpo_tray\xref-kenpo_tray.html
97608 INFO: checking PYZ
97609 INFO: Building PYZ because PYZ-00.toc is non existent
97609 INFO: Building PYZ (ZlibArchive) C:\Users\Sidscri\Documents\GitHub\sidscri-apps\KenpoFlashcardsWebServer_Packaged\build\kenpo_tray\PYZ-00.pyz
99424 INFO: Building PYZ (ZlibArchive) C:\Users\Sidscri\Documents\GitHub\sidscri-apps\KenpoFlashcardsWebServer_Packaged\build\kenpo_tray\PYZ-00.pyz completed successfully.
99701 INFO: checking PKG
99701 INFO: Building PKG because PKG-00.toc is non existent
99701 INFO: Building PKG (CArchive) AdvancedFlashcardsWebAppServer.pkg
99746 INFO: Building PKG (CArchive) AdvancedFlashcardsWebAppServer.pkg completed successfully.
99748 INFO: Bootloader C:\Users\Sidscri\Documents\GitHub\sidscri-apps\KenpoFlashcardsWebServer_Packaged\.venv\lib\site-packages\PyInstaller\bootloader\Windows-64bit-intel\runw.exe
99748 INFO: checking EXE
99748 INFO: Building EXE because EXE-00.toc is non existent
99748 INFO: Building EXE from EXE-00.toc
99749 INFO: Copying bootloader EXE to C:\Users\Sidscri\Documents\GitHub\sidscri-apps\KenpoFlashcardsWebServer_Packaged\build\kenpo_tray\AdvancedFlashcardsWebAppServer.exe
99849 INFO: Copying icon to EXE
99854 INFO: Copying 0 resources to EXE
99854 INFO: Embedding manifest in EXE
99860 INFO: Appending PKG archive to EXE
99958 INFO: Fixing EXE headers
100138 INFO: Building EXE from EXE-00.toc completed successfully.
100156 INFO: checking COLLECT
100157 INFO: Building COLLECT because COLLECT-00.toc is non existent
100157 INFO: Building COLLECT COLLECT-00.toc
102980 INFO: Building COLLECT COLLECT-00.toc completed successfully.
[INFO] Bundling version.json from: C:\Users\Sidscri\Documents\GitHub\sidscri-apps\KenpoFlashcardsWebServer_Packaged\version.json
[INFO] Bundling kenpo_words.json from: C:\Users\Sidscri\Documents\GitHub\sidscri-apps\KenpoFlashcardsWebServer_Packaged\packaging\..\data\kenpo_words.json
[Wed 01/28/2026 10:11:03.65] OK build_exe complete
