============================================================
ONE CLICK BUILD started: Wed 01/28/2026 11:38:06.35
Packaging folder: C:\Users\Sidscri\Documents\GitHub\sidscri-apps\KenpoFlashcardsWebServer_Packaged\packaging\
One-click folder: C:\Users\Sidscri\Documents\GitHub\sidscri-apps\KenpoFlashcardsWebServer_Packaged\packaging\one_click\
Master log     : C:\Users\Sidscri\Documents\GitHub\sidscri-apps\KenpoFlashcardsWebServer_Packaged\packaging\logs\build_all_20260128_113806.log
============================================================
[PROGRESS] 0% - Starting...
[PROGRESS] 10% - STEP 1/3: Pre Build of Build_Data

[STEP 1] Pre Build started: Wed 01/28/2026 11:38:06.46
[STEP 1] ExitCode=0
[STEP 1] Pre Build complete: Wed 01/28/2026 11:38:07.06
[PROGRESS] 33% - Pre Build complete
[PROGRESS] 40% - STEP 2/3: Build EXE

[STEP 2] Build EXE started: Wed 01/28/2026 11:38:07.11
[STEP 2] ExitCode=0
[STEP 2] Build EXE complete: Wed 01/28/2026 11:41:18.16
[PROGRESS] 66% - Build EXE complete
[PROGRESS] 75% - STEP 3/3: Build Installer (Inno)

[STEP 3] Build Installer started: Wed 01/28/2026 11:41:18.24
[STEP 3] ExitCode=0
[STEP 3] Build Installer complete: Wed 01/28/2026 11:42:07.54
[PROGRESS] 100% - ALL DONE

ONE CLICK BUILD SUCCESS: Wed 01/28/2026 11:42:08.18
