START Fri 01/23/2026 15:01:46.86
BASE=C:\Users\Sidscri\Documents\GitHub\sidscri-apps
SRC=C:\Users\Sidscri\Documents\GitHub\sidscri-apps\KenpoFlashcardsWebServer_Packaged
VERJSON=C:\Users\Sidscri\Documents\GitHub\sidscri-apps\KenpoFlashcardsWebServer_Packaged\version.json
SEVENZIP=C:\Program Files\7-Zip\7z.exe
RAW_VER=1.3.0
RAW_BUILD=8
ZIPPATH=C:\Users\Sidscri\Documents\GitHub\sidscri-apps\KenpoFlashcardsWebServer_Packaged-v1.3.0 v8.zip
STAGE=C:\Users\Sidscri\Documents\GitHub\sidscri-apps\_zip_stage

ROBOCOPY_EXIT_CODE=1
Could Not Find C:\Users\Sidscri\Documents\GitHub\sidscri-apps\_zip_stage\KenpoFlashcardsWebServer_Packaged\*.pyc
Running 7z (from stage)...

7-Zip 25.01 (x64) : Copyright (c) 1999-2025 Igor Pavlov : 2025-08-03

Scanning the drive:
23 folders, 83 files, 1042502 bytes (1019 KiB)

Creating archive: C:\Users\Sidscri\Documents\GitHub\sidscri-apps\KenpoFlashcardsWebServer_Packaged-v1.3.0 v8.zip

Add new data to archive: 23 folders, 83 files, 1042502 bytes (1019 KiB)


Files read from disk: 83
Archive size: 585492 bytes (572 KiB)
Everything is Ok
7Z_EXIT_CODE=0
Verified: no .venv paths detected
Verified: no build/ paths detected
Verified: no dist/ paths detected
Verified: no packaging/output/ paths detected
SUCCESS
