START Tue 01/27/2026 14:49:34.71
BASE=C:\Users\Sidscri\Documents\GitHub\sidscri-apps
SRC=C:\Users\Sidscri\Documents\GitHub\sidscri-apps\KenpoFlashcardsWebServer
VERJSON=C:\Users\Sidscri\Documents\GitHub\sidscri-apps\KenpoFlashcardsWebServer\version.json
SEVENZIP=C:\Program Files\7-Zip\7z.exe
RAW_VER=8.0.1
RAW_BUILD=46
ZIPPATH=C:\Users\Sidscri\Documents\GitHub\sidscri-apps\KenpoFlashcardsWebServer-v8.0.1 v46.zip
STAGE=C:\Users\Sidscri\Documents\GitHub\sidscri-apps\_zip_stage

ROBOCOPY_EXIT_CODE=1
Could Not Find C:\Users\Sidscri\Documents\GitHub\sidscri-apps\_zip_stage\KenpoFlashcardsWebServer\*.pyc
Running 7z (from stage)...

7-Zip 25.01 (x64) : Copyright (c) 1999-2025 Igor Pavlov : 2025-08-03

Scanning the drive:
15 folders, 49 files, 3118664 bytes (3046 KiB)

Creating archive: C:\Users\Sidscri\Documents\GitHub\sidscri-apps\KenpoFlashcardsWebServer-v8.0.1 v46.zip

Add new data to archive: 15 folders, 49 files, 3118664 bytes (3046 KiB)


Files read from disk: 49
Archive size: 2619464 bytes (2559 KiB)
Everything is Ok
7Z_EXIT_CODE=0
Verified: no .venv paths detected
SUCCESS
